-------------------------------------------------------------------------------
Test set: com.shirostudy.CustomRealmTest
-------------------------------------------------------------------------------
Tests run: 1, Failures: 0, Errors: 1, Skipped: 0, Time elapsed: 0 s <<< FAILURE! - in com.shirostudy.CustomRealmTest
testAuthentication(com.shirostudy.CustomRealmTest)  Time elapsed: 0 s  <<< ERROR!
org.apache.shiro.authz.UnauthorizedException: Subject does not have role [admin]
	at com.shirostudy.CustomRealmTest.testAuthentication(CustomRealmTest.java:42)

