-------------------------------------------------------------------------------
Test set: com.shirostudy.IniRealmTest
-------------------------------------------------------------------------------
Tests run: 1, Failures: 0, Errors: 1, Skipped: 0, Time elapsed: 0 s <<< FAILURE! - in com.shirostudy.IniRealmTest
testAuthentication(com.shirostudy.IniRealmTest)  Time elapsed: 0 s  <<< ERROR!
org.apache.shiro.authz.UnauthorizedException: Subject does not have role [admin]
	at com.shirostudy.IniRealmTest.testAuthentication(IniRealmTest.java:35)

