-------------------------------------------------------------------------------
Test set: com.shirostudy.JdbcRealmTest
-------------------------------------------------------------------------------
Tests run: 1, Failures: 0, Errors: 1, Skipped: 0, Time elapsed: 0 s <<< FAILURE! - in com.shirostudy.JdbcRealmTest
test(com.shirostudy.JdbcRealmTest)  Time elapsed: 0 s  <<< ERROR!
org.apache.shiro.authz.UnauthorizedException: Subject does not have role [admin]
	at com.shirostudy.JdbcRealmTest.test(JdbcRealmTest.java:47)

