<?xml version="1.0" encoding="UTF-8"?>
<testsuite xmlns:xsi="http://www.w3.org/2001/XMLSchema-instance" xsi:noNamespaceSchemaLocation="https://maven.apache.org/surefire/maven-surefire-plugin/xsd/surefire-test-report.xsd" name="com.shirostudy.CustomRealmTest" time="0" tests="1" errors="1" skipped="0" failures="0">
  <properties>
[...]
</properties>
  <testcase name="testAuthentication" classname="com.shirostudy.CustomRealmTest" time="0">
    <error message="Subject does not have role [admin]" type="org.apache.shiro.authz.UnauthorizedException">org.apache.shiro.authz.UnauthorizedException: Subject does not have role [admin]
	at com.shirostudy.CustomRealmTest.testAuthentication(CustomRealmTest.java:42)
</error>
    <system-out><![CDATA[isAuthenticated:true
]]></system-out>
  </testcase>
</testsuite>